<?xml version="1.0" encoding="UTF-8"?>
<testng-results ignored="0" total="2" passed="2" failed="0" skipped="0">
  <reporter-output>
  </reporter-output>
  <suite started-at="2024-03-22T17:38:29 IST" name="Suite" finished-at="2024-03-22T17:38:30 IST" duration-ms="1416">
    <groups>
    </groups>
    <test started-at="2024-03-22T17:38:29 IST" name="Test" finished-at="2024-03-22T17:38:30 IST" duration-ms="1416">
      <class name="apiLearning.HeadMethodDetails">
        <test-method signature="getHeaderDetails()[pri:0, instance:apiLearning.HeadMethodDetails@49b0b76]" started-at="2024-03-22T17:38:30 IST" name="getHeaderDetails" finished-at="2024-03-22T17:38:30 IST" duration-ms="411" status="PASS">
          <reporter-output>
          </reporter-output>
        </test-method> <!-- getHeaderDetails -->
      </class> <!-- apiLearning.HeadMethodDetails -->
      <class name="apiLearning.APIGetmethod">
        <test-method signature="getmethod()[pri:0, instance:apiLearning.APIGetmethod@78b66d36]" started-at="2024-03-22T17:38:29 IST" name="getmethod" finished-at="2024-03-22T17:38:30 IST" duration-ms="981" status="PASS">
          <reporter-output>
          </reporter-output>
        </test-method> <!-- getmethod -->
      </class> <!-- apiLearning.APIGetmethod -->
    </test> <!-- Test -->
  </suite> <!-- Suite -->
</testng-results>
