<?xml version="1.0" encoding="UTF-8"?>
<testng-results ignored="0" total="2" passed="2" failed="0" skipped="0">
  <reporter-output>
  </reporter-output>
  <suite started-at="2024-03-22T17:48:42 IST" name="Suite" finished-at="2024-03-22T17:48:43 IST" duration-ms="1078">
    <groups>
    </groups>
    <test started-at="2024-03-22T17:48:42 IST" name="Test" finished-at="2024-03-22T17:48:43 IST" duration-ms="1078">
      <class name="apiLearning.HeadMethodDetails">
        <test-method signature="getHeaderDetails()[pri:0, instance:apiLearning.HeadMethodDetails@3c7f66c4]" started-at="2024-03-22T17:48:43 IST" name="getHeaderDetails" finished-at="2024-03-22T17:48:43 IST" duration-ms="101" status="PASS">
          <reporter-output>
          </reporter-output>
        </test-method> <!-- getHeaderDetails -->
      </class> <!-- apiLearning.HeadMethodDetails -->
      <class name="apiLearning.APIGetmethod">
        <test-method signature="getmethod()[pri:0, instance:apiLearning.APIGetmethod@e15b7e8]" started-at="2024-03-22T17:48:42 IST" name="getmethod" finished-at="2024-03-22T17:48:43 IST" duration-ms="938" status="PASS">
          <reporter-output>
          </reporter-output>
        </test-method> <!-- getmethod -->
      </class> <!-- apiLearning.APIGetmethod -->
    </test> <!-- Test -->
  </suite> <!-- Suite -->
</testng-results>
